13-31-47 No icon found, using default template
13-31-55 No icon found, using default template
13-00-37 hlelll
13-27-54 No icon found, using default template
13-51-20 No new updates
13-52-13 An update is availible. If you would like to stop seeing these messages, edit jasrc/econf.py
13-52-49 An update is availible. If you would like to stop seeing these messages, edit jasrc/econf.py
13-54-18 An update is availible. If you would like to stop seeing these messages, edit jasrc/econf.py
13-01-19 An update is availible. If you would like to stop seeing these messages, edit jasrc/econf.py
13-29-43 No icon found, using default template
13-30-00 Selected args: ['.\\jase.py', '-v']
13-30-00 Now on red
13-30-00 Now on a
13-30-00 red
13-30-00 red
13-30-00 red
13-30-00 red
13-30-00 red
13-30-01 red
13-30-01 red
13-30-01 red
13-30-01 red
13-30-01 red
13-30-01 red
13-30-01 red
13-30-01 red
13-30-01 red
13-30-01 red
13-30-02 red
13-30-02 red
13-30-02 red
13-30-02 red
13-30-02 red
13-30-02 red
13-30-02 red
13-30-02 red
13-30-02 red
13-30-02 red
13-30-02 red
13-30-02 red
13-30-02 red
13-30-02 red
13-30-02 red
13-30-02 red
13-30-02 red
13-30-02 red
13-30-03 red
13-30-03 red
13-30-03 red
13-30-03 red
13-30-03 red
13-30-03 red
13-30-03 red
13-30-03 red
13-30-03 red
13-30-03 red
13-30-03 red
13-30-03 red
13-30-03 red
13-30-03 red
13-30-03 Now on b
13-30-03 topbridgeclay/red
13-30-04 topbridgeclay/red
13-30-04 topbridgeclay/red
13-30-04 topbridgeclay/red
13-30-04 topbridgeclay/red
13-30-04 topbridgeclay/red
13-30-04 topbridgeclay/red
13-30-04 topbridgeclay/red
13-30-04 topbridgeclay/red
13-30-04 topbridgeclay/red
13-30-04 topbridgeclay/red
13-30-05 topbridgeclay/red
13-30-05 topbridgeclay/red
13-30-05 topbridgeclay/red
13-30-05 topbridgeclay/red
13-30-05 topbridgeclay/red
13-30-05 topbridgeclay/red
13-30-05 topbridgeclay/red
13-30-05 topbridgeclay/red
13-30-05 topbridgeclay/red
13-30-05 topbridgeclay/red
13-30-05 topbridgeclay/red
13-30-05 topbridgeclay/red
13-30-05 topbridgeclay/red
13-30-05 topbridgeclay/red
13-30-05 topbridgeclay/red
13-30-05 topbridgeclay/red
13-30-05 topbridgeclay/red
13-30-05 topbridgeclay/red
13-30-05 topbridgeclay/red
13-30-06 topbridgeclay/red
13-30-06 topbridgeclay/red
13-30-06 topbridgeclay/red
13-30-06 topbridgeclay/red
13-30-06 topbridgeclay/red
13-30-06 topbridgeclay/red
13-30-06 topbridgeclay/red
13-30-06 topbridgeclay/red
13-30-06 topbridgeclay/red
13-30-06 topbridgeclay/red
13-30-06 topbridgeclay/red
13-30-07 topbridgeclay/red
13-30-07 topbridgeclay/red
13-30-07 topbridgeclay/red
13-30-07 topbridgeclay/red
13-30-07 topbridgeclay/red
13-30-07 topbridgeclay/red
13-30-07 Now on white
13-30-07 Now on a
13-30-07 white
13-30-07 white
13-30-07 white
13-30-07 white
13-30-07 white
13-30-07 white
13-30-07 white
13-30-07 white
13-30-07 white
13-30-07 white
13-30-07 white
13-30-08 white
13-30-08 white
13-30-08 white
13-30-08 white
13-30-08 white
13-30-08 white
13-30-08 white
13-30-08 white
13-30-08 white
13-30-08 white
13-30-08 white
13-30-08 white
13-30-08 white
13-30-08 white
13-30-08 white
13-30-09 white
13-30-09 white
13-30-09 white
13-30-09 white
13-30-09 white
13-30-09 white
13-30-09 white
13-30-09 white
13-30-09 white
13-30-09 white
13-30-09 white
13-30-10 white
13-30-10 white
13-30-10 white
13-30-10 white
13-30-10 white
13-30-10 white
13-30-10 white
13-30-10 white
13-30-10 white
13-30-10 white
13-30-10 Now on b
13-30-10 topbridgeclay/white
13-30-10 topbridgeclay/white
13-30-10 topbridgeclay/white
13-30-10 topbridgeclay/white
13-30-10 topbridgeclay/white
13-30-10 topbridgeclay/white
13-30-10 topbridgeclay/white
13-30-10 topbridgeclay/white
13-30-10 topbridgeclay/white
13-30-11 topbridgeclay/white
13-30-11 topbridgeclay/white
13-30-11 topbridgeclay/white
13-30-11 topbridgeclay/white
13-30-11 topbridgeclay/white
13-30-11 topbridgeclay/white
13-30-11 topbridgeclay/white
13-30-11 topbridgeclay/white
13-30-11 topbridgeclay/white
13-30-11 topbridgeclay/white
13-30-11 topbridgeclay/white
13-30-12 topbridgeclay/white
13-30-12 topbridgeclay/white
13-30-12 topbridgeclay/white
13-30-12 topbridgeclay/white
13-30-12 topbridgeclay/white
13-30-12 topbridgeclay/white
13-30-12 topbridgeclay/white
13-30-12 topbridgeclay/white
13-30-12 topbridgeclay/white
13-30-12 topbridgeclay/white
13-30-12 topbridgeclay/white
13-30-12 topbridgeclay/white
13-30-12 topbridgeclay/white
13-30-12 topbridgeclay/white
13-30-12 topbridgeclay/white
13-30-13 topbridgeclay/white
13-30-13 topbridgeclay/white
13-30-13 topbridgeclay/white
13-30-13 topbridgeclay/white
13-30-13 topbridgeclay/white
13-30-13 topbridgeclay/white
13-30-13 topbridgeclay/white
13-30-13 topbridgeclay/white
13-30-13 topbridgeclay/white
13-30-13 topbridgeclay/white
13-30-13 topbridgeclay/white
13-30-13 topbridgeclay/white
13-30-13 Now on blue
13-30-13 Now on a
13-30-13 blue
13-30-13 blue
13-30-13 blue
13-30-13 blue
13-30-14 blue
13-30-14 blue
13-30-14 blue
13-30-14 blue
13-30-14 blue
13-30-14 blue
13-30-14 blue
13-30-14 blue
13-30-14 blue
13-30-14 blue
13-30-14 blue
13-30-15 blue
13-30-15 blue
13-30-15 blue
13-30-15 blue
13-30-15 blue
13-30-15 blue
13-30-15 blue
13-30-15 blue
13-30-15 blue
13-30-15 blue
13-30-15 blue
13-30-15 blue
13-30-15 blue
13-30-15 blue
13-30-15 blue
13-30-15 blue
13-30-15 blue
13-30-15 blue
13-30-15 blue
13-30-15 blue
13-30-15 blue
13-30-16 blue
13-30-16 blue
13-30-16 blue
13-30-16 blue
13-30-16 blue
13-30-16 blue
13-30-16 blue
13-30-16 blue
13-30-16 blue
13-30-16 blue
13-30-17 blue
13-30-17 Now on b
13-30-17 topbridgeclay/blue
13-30-17 topbridgeclay/blue
13-30-17 topbridgeclay/blue
13-30-17 topbridgeclay/blue
13-30-17 topbridgeclay/blue
13-30-17 topbridgeclay/blue
13-30-17 topbridgeclay/blue
13-30-17 topbridgeclay/blue
13-30-17 topbridgeclay/blue
13-30-17 topbridgeclay/blue
13-30-17 topbridgeclay/blue
13-30-17 topbridgeclay/blue
13-30-17 topbridgeclay/blue
13-30-17 topbridgeclay/blue
13-30-17 topbridgeclay/blue
13-30-17 topbridgeclay/blue
13-30-18 topbridgeclay/blue
13-30-18 topbridgeclay/blue
13-30-18 topbridgeclay/blue
13-30-18 topbridgeclay/blue
13-30-18 topbridgeclay/blue
13-30-18 topbridgeclay/blue
13-30-18 topbridgeclay/blue
13-30-18 topbridgeclay/blue
13-30-18 topbridgeclay/blue
13-30-18 topbridgeclay/blue
13-30-18 topbridgeclay/blue
13-30-18 topbridgeclay/blue
13-30-18 topbridgeclay/blue
13-30-18 topbridgeclay/blue
13-30-18 topbridgeclay/blue
13-30-18 topbridgeclay/blue
13-30-19 topbridgeclay/blue
13-30-19 topbridgeclay/blue
13-30-19 topbridgeclay/blue
13-30-19 topbridgeclay/blue
13-30-19 topbridgeclay/blue
13-30-19 topbridgeclay/blue
13-30-19 topbridgeclay/blue
13-30-19 topbridgeclay/blue
13-30-19 topbridgeclay/blue
13-30-19 topbridgeclay/blue
13-30-19 topbridgeclay/blue
13-30-20 topbridgeclay/blue
13-30-20 topbridgeclay/blue
13-30-20 topbridgeclay/blue
13-30-20 topbridgeclay/blue
13-30-20 red.png
13-30-20 white.png
13-30-20 blue.png
13-30-20 No icon found, using default template
13-30-21 No new updates
13-31-08 Selected args: ['.\\jase.py', '-v']
13-31-08 Now on red
13-31-08 Now on a
13-31-08 0.png
13-31-08 1.png
13-31-08 10.png
13-31-08 11.png
13-31-08 12.png
13-31-08 13.png
13-31-08 14.png
13-31-08 15.png
13-31-08 16.png
13-31-08 17.png
13-31-08 18.png
13-31-08 19.png
13-31-08 2.png
13-31-08 20.png
13-31-08 21.png
13-31-08 22.png
13-31-08 23.png
13-31-08 24.png
13-31-09 25.png
13-31-09 26.png
13-31-09 27.png
13-31-09 28.png
13-31-09 29.png
13-31-09 3.png
13-31-09 30.png
13-31-09 31.png
13-31-09 32.png
13-31-09 33.png
13-31-09 34.png
13-31-10 35.png
13-31-10 36.png
13-31-10 37.png
13-31-10 38.png
13-31-10 39.png
13-31-10 4.png
13-31-10 40.png
13-31-10 41.png
13-31-10 42.png
13-31-10 43.png
13-31-10 44.png
13-31-10 45.png
13-31-10 46.png
13-31-10 5.png
13-31-10 6.png
13-31-10 7.png
13-31-10 8.png
13-31-11 9.png
13-31-11 Now on b
13-31-11 0.png
13-31-11 1.png
13-31-11 10.png
13-31-11 11.png
13-31-11 12.png
13-31-11 13.png
13-31-11 14.png
13-31-11 15.png
13-31-11 16.png
13-31-11 17.png
13-31-11 18.png
13-31-11 19.png
13-31-11 2.png
13-31-12 20.png
13-31-12 21.png
13-31-12 22.png
13-31-12 23.png
13-31-12 24.png
13-31-12 25.png
13-31-12 26.png
13-31-12 27.png
13-31-12 28.png
13-31-12 29.png
13-31-12 3.png
13-31-12 30.png
13-31-13 31.png
13-31-13 32.png
13-31-13 33.png
13-31-13 34.png
13-31-13 35.png
13-31-13 36.png
13-31-13 37.png
13-31-13 38.png
13-31-13 39.png
13-31-13 4.png
13-31-13 40.png
13-31-13 41.png
13-31-13 42.png
13-31-13 43.png
13-31-13 44.png
13-31-13 45.png
13-31-13 46.png
13-31-13 5.png
13-31-13 6.png
13-31-13 7.png
13-31-13 8.png
13-31-14 9.png
13-31-14 Now on white
13-31-14 Now on a
13-31-14 0.png
13-31-14 1.png
13-31-14 10.png
13-31-14 11.png
13-31-14 12.png
13-31-14 13.png
13-31-14 14.png
13-31-14 15.png
13-31-14 16.png
13-31-15 17.png
13-31-15 18.png
13-31-15 19.png
13-31-15 2.png
13-31-15 20.png
13-31-15 21.png
13-31-15 22.png
13-31-15 23.png
13-31-15 24.png
13-31-15 25.png
13-31-15 26.png
13-31-15 27.png
13-31-15 28.png
13-31-15 29.png
13-31-15 3.png
13-31-15 30.png
13-31-16 31.png
13-31-16 32.png
13-31-16 33.png
13-31-16 34.png
13-31-16 35.png
13-31-16 36.png
13-31-16 37.png
13-31-16 38.png
13-31-16 39.png
13-31-16 4.png
13-31-16 40.png
13-31-16 41.png
13-31-16 42.png
13-31-16 43.png
13-31-16 44.png
13-31-16 45.png
13-31-17 46.png
13-31-17 5.png
13-31-17 6.png
13-31-17 7.png
13-31-17 8.png
13-31-17 9.png
13-31-17 Now on b
13-31-17 0.png
13-31-17 1.png
13-31-17 10.png
13-31-17 11.png
13-31-17 12.png
13-31-18 13.png
13-31-18 14.png
13-31-18 15.png
13-31-18 16.png
13-31-18 17.png
13-31-18 18.png
13-31-18 19.png
13-31-18 2.png
13-31-18 20.png
13-31-18 21.png
13-31-18 22.png
13-31-18 23.png
13-31-18 24.png
13-31-18 25.png
13-31-18 26.png
13-31-18 27.png
13-31-18 28.png
13-31-18 29.png
13-31-18 3.png
13-31-18 30.png
13-31-18 31.png
13-31-19 32.png
13-31-19 33.png
13-31-19 34.png
13-31-19 35.png
13-31-19 36.png
13-31-19 37.png
13-31-19 38.png
13-31-19 39.png
13-31-19 4.png
13-31-19 40.png
13-31-20 41.png
13-31-20 42.png
13-31-20 43.png
13-31-20 44.png
13-31-20 45.png
13-31-20 46.png
13-31-20 5.png
13-31-20 6.png
13-31-20 7.png
13-31-20 8.png
13-31-20 9.png
13-31-20 Now on blue
13-31-20 Now on a
13-31-20 0.png
13-31-20 1.png
13-31-20 10.png
13-31-20 11.png
13-31-20 12.png
13-31-20 13.png
13-31-21 14.png
13-31-21 15.png
13-31-21 16.png
13-31-21 17.png
13-31-21 18.png
13-31-21 19.png
13-31-21 2.png
13-31-21 20.png
13-31-21 21.png
13-31-21 22.png
13-31-21 23.png
13-31-21 24.png
13-31-21 25.png
13-31-21 26.png
13-31-21 27.png
13-31-21 28.png
13-31-21 29.png
13-31-22 3.png
13-31-22 30.png
13-31-22 31.png
13-31-22 32.png
13-31-22 33.png
13-31-22 34.png
13-31-22 35.png
13-31-22 36.png
13-31-22 37.png
13-31-22 38.png
13-31-23 39.png
13-31-23 4.png
13-31-23 40.png
13-31-23 41.png
13-31-23 42.png
13-31-23 43.png
13-31-23 44.png
13-31-23 45.png
13-31-23 46.png
13-31-23 5.png
13-31-23 6.png
13-31-23 7.png
13-31-23 8.png
13-31-23 9.png
13-31-23 Now on b
13-31-23 0.png
13-31-23 1.png
13-31-23 10.png
13-31-23 11.png
13-31-23 12.png
13-31-23 13.png
13-31-24 14.png
13-31-24 15.png
13-31-24 16.png
13-31-24 17.png
13-31-24 18.png
13-31-24 19.png
13-31-24 2.png
13-31-24 20.png
13-31-24 21.png
13-31-24 22.png
13-31-24 23.png
13-31-25 24.png
13-31-25 25.png
13-31-25 26.png
13-31-25 27.png
13-31-25 28.png
13-31-25 29.png
13-31-25 3.png
13-31-25 30.png
13-31-25 31.png
13-31-25 32.png
13-31-25 33.png
13-31-25 34.png
13-31-25 35.png
13-31-25 36.png
13-31-25 37.png
13-31-26 38.png
13-31-26 39.png
13-31-26 4.png
13-31-26 40.png
13-31-26 41.png
13-31-26 42.png
13-31-26 43.png
13-31-26 44.png
13-31-26 45.png
13-31-26 46.png
13-31-26 5.png
13-31-26 6.png
13-31-26 7.png
13-31-26 8.png
13-31-26 9.png
13-31-26 red.png
13-31-26 white.png
13-31-27 blue.png
13-31-27 No icon found, using default template
13-31-27 No new updates
13-32-02 Selected args: ['.\\jase.py', '-v']
13-32-02 Now on red
13-32-02 Now on a
13-32-02 0.png
13-32-02 1.png
13-32-02 10.png
13-32-02 11.png
13-32-02 Tempfile error
13-32-02 Error parsing config
13-32-16 Selected args: ['.\\jase.py', '-v']
13-32-25 Selected args: ['.\\jase.py', '-v']
13-32-25 Now on red
13-32-25 Now on a
13-32-25 0.png
13-32-25 1.png
13-32-25 10.png
13-32-26 11.png
13-32-26 12.png
13-32-26 13.png
13-32-26 14.png
13-32-26 15.png
13-32-26 16.png
13-32-26 17.png
13-32-26 18.png
13-32-26 19.png
13-32-26 2.png
13-32-26 20.png
13-32-26 21.png
13-33-20 Selected args: ['.\\jase.py', '-v']
13-33-20 Now on red
13-33-20 Now on a
13-33-20 0.png
13-33-20 1.png
13-33-20 10.png
13-33-20 Tempfile error
13-33-20 Error parsing config
13-34-29 Selected args: ['.\\jase.py', '-v']
13-37-01 Selected args: ['.\\jase.py', '-v']
13-37-01 Now on red
13-37-01 Now on a
13-37-02 0.png
13-37-02 1.png
13-37-02 10.png
13-37-02 11.png
13-37-02 12.png
13-37-02 13.png
13-37-02 14.png
13-37-02 15.png
13-37-02 16.png
13-37-02 17.png
13-37-02 18.png
13-37-02 19.png
13-37-03 2.png
13-37-03 20.png
13-37-03 21.png
13-37-03 22.png
13-37-03 23.png
13-37-03 24.png
13-37-03 25.png
13-37-03 26.png
13-37-03 27.png
13-37-03 28.png
13-37-03 29.png
13-37-03 3.png
13-37-03 30.png
13-37-03 31.png
13-37-03 32.png
13-37-03 33.png
13-37-03 34.png
13-37-03 35.png
13-37-04 36.png
13-37-04 37.png
13-37-04 38.png
13-37-04 39.png
13-37-04 4.png
13-37-04 40.png
13-37-04 41.png
13-37-04 42.png
13-37-04 43.png
13-37-04 44.png
13-37-04 45.png
13-37-05 46.png
13-37-05 5.png
13-37-05 6.png
13-37-05 7.png
13-37-05 8.png
13-37-05 9.png
13-37-05 Now on b
13-37-05 0.png
13-37-05 1.png
13-37-05 10.png
13-37-05 11.png
13-37-05 12.png
13-37-05 13.png
13-37-05 14.png
13-37-05 15.png
13-37-05 16.png
13-37-05 17.png
13-37-05 18.png
13-37-05 19.png
13-37-06 2.png
13-37-06 20.png
13-37-06 21.png
13-37-06 22.png
13-37-06 23.png
13-37-06 24.png
13-37-06 25.png
13-37-06 26.png
13-37-06 27.png
13-37-06 28.png
13-37-06 29.png
13-37-06 3.png
13-37-06 30.png
13-37-07 31.png
13-37-07 32.png
13-37-07 33.png
13-37-07 34.png
13-37-07 35.png
13-37-07 36.png
13-37-07 37.png
13-37-07 38.png
13-37-07 39.png
13-37-07 4.png
13-37-07 40.png
13-37-07 41.png
13-37-08 42.png
13-37-08 43.png
13-37-08 44.png
13-37-08 45.png
13-37-08 46.png
13-37-08 5.png
13-37-08 6.png
13-37-08 7.png
13-37-08 8.png
13-37-08 9.png
13-37-08 Now on white
13-37-08 Now on a
13-37-08 0.png
13-37-08 1.png
13-37-08 10.png
13-37-08 11.png
13-37-08 12.png
13-37-08 13.png
13-37-08 14.png
13-37-08 15.png
13-37-08 16.png
13-37-09 17.png
13-37-09 18.png
13-37-09 19.png
13-37-09 2.png
13-37-09 20.png
13-37-09 21.png
13-37-09 22.png
13-37-09 23.png
13-37-09 24.png
13-37-09 25.png
13-37-09 26.png
13-37-10 27.png
13-37-10 28.png
13-37-10 29.png
13-37-10 3.png
13-37-10 30.png
13-37-10 31.png
13-37-10 32.png
13-37-10 33.png
13-37-10 34.png
13-37-10 35.png
13-37-10 36.png
13-37-10 37.png
13-37-10 38.png
13-37-10 39.png
13-37-10 4.png
13-37-10 40.png
13-37-10 41.png
13-37-11 42.png
13-37-11 43.png
13-37-11 44.png
13-37-11 45.png
13-37-11 46.png
13-37-11 5.png
13-37-11 6.png
13-37-11 7.png
13-37-11 8.png
13-37-11 9.png
13-37-11 Now on b
13-37-11 0.png
13-37-11 1.png
13-37-11 10.png
13-37-11 11.png
13-37-12 12.png
13-37-12 13.png
13-37-12 14.png
13-37-12 15.png
13-37-12 16.png
13-37-12 17.png
13-37-12 18.png
13-37-12 19.png
13-37-12 2.png
13-37-12 20.png
13-37-12 21.png
13-37-13 22.png
13-37-13 23.png
13-37-13 24.png
13-37-13 25.png
13-37-13 26.png
13-37-13 27.png
13-37-13 28.png
13-37-13 29.png
13-37-13 3.png
13-37-14 30.png
13-37-14 31.png
13-37-14 32.png
13-37-14 33.png
13-37-14 34.png
13-37-14 35.png
13-37-14 36.png
13-37-14 37.png
13-37-14 38.png
13-37-14 39.png
13-37-14 4.png
13-37-15 40.png
13-37-15 41.png
13-37-15 42.png
13-37-15 43.png
13-37-15 44.png
13-37-15 45.png
13-37-15 46.png
13-37-15 5.png
13-37-15 6.png
13-37-15 7.png
13-37-15 8.png
13-37-15 9.png
13-37-15 Now on blue
13-37-15 Now on a
13-37-15 0.png
13-37-15 1.png
13-37-15 10.png
13-37-15 11.png
13-37-16 12.png
13-37-16 13.png
13-37-16 14.png
13-37-16 15.png
13-37-16 16.png
13-37-16 17.png
13-37-16 18.png
13-37-16 19.png
13-37-16 2.png
13-37-16 20.png
13-37-16 21.png
13-37-16 22.png
13-37-16 23.png
13-37-16 24.png
13-37-17 25.png
13-37-17 26.png
13-37-17 27.png
13-37-17 28.png
13-37-17 29.png
13-37-17 3.png
13-37-17 30.png
13-37-17 31.png
13-37-17 32.png
13-37-17 33.png
13-37-17 34.png
13-37-17 35.png
13-37-18 36.png
13-37-18 37.png
13-37-18 38.png
13-37-18 39.png
13-37-18 4.png
13-37-18 40.png
13-37-18 41.png
13-37-18 42.png
13-37-18 43.png
13-37-18 44.png
13-37-18 45.png
13-37-18 46.png
13-37-18 5.png
13-37-18 6.png
13-37-18 7.png
13-37-18 8.png
13-37-18 9.png
13-37-18 Now on b
13-37-18 0.png
13-37-18 1.png
13-37-18 10.png
13-37-19 11.png
13-37-19 12.png
13-37-19 13.png
13-37-19 14.png
13-37-19 15.png
13-37-19 16.png
13-37-19 17.png
13-37-19 18.png
13-37-19 19.png
13-37-19 2.png
13-37-20 20.png
13-37-20 21.png
13-37-20 22.png
13-37-20 23.png
13-37-20 24.png
13-37-20 25.png
13-37-20 26.png
13-37-20 27.png
13-37-20 28.png
13-37-20 29.png
13-37-20 3.png
13-37-20 30.png
13-37-20 31.png
13-37-20 32.png
13-37-20 33.png
13-37-20 34.png
13-37-20 35.png
13-37-21 36.png
13-37-21 37.png
13-37-21 38.png
13-37-21 39.png
13-37-21 4.png
13-37-21 40.png
13-37-21 41.png
13-37-21 42.png
13-37-21 43.png
13-37-21 44.png
13-37-21 45.png
13-37-21 46.png
13-37-22 5.png
13-37-22 6.png
13-37-22 7.png
13-37-22 8.png
13-37-22 9.png
13-37-22 red.png
13-37-22 white.png
13-37-22 blue.png
13-37-22 No icon found, using default template
13-37-23 No new updates
13-46-04 No icon found, using default template
13-47-16 No icon found, using default template
13-47-55 No icon found, using default template
13-52-11 No icon found, using default template
13-53-19 No icon found, using default template
13-55-07 No icon found, using default template
13-56-23 No icon found, using default template
13-56-27 Selected args: ['.\\jase.py', '-v']
13-56-27 Now on red
13-56-27 Now on a
13-56-27 0.png
13-56-27 1.png
13-56-27 10.png
13-56-27 11.png
13-56-27 12.png
13-56-27 13.png
13-56-27 14.png
13-56-28 15.png
13-56-28 16.png
13-56-28 17.png
13-56-28 18.png
13-56-28 19.png
13-56-28 2.png
13-56-28 20.png
13-56-28 21.png
13-56-28 22.png
13-56-28 23.png
13-56-28 24.png
13-56-28 25.png
13-56-28 26.png
13-56-28 27.png
13-56-28 28.png
13-56-28 29.png
13-56-28 3.png
13-56-28 30.png
13-56-28 31.png
13-56-29 32.png
13-56-29 33.png
13-56-29 34.png
13-56-29 35.png
13-56-29 36.png
13-56-29 37.png
13-56-29 38.png
13-56-29 39.png
13-56-29 4.png
13-56-29 40.png
13-56-30 41.png
13-56-30 42.png
13-56-30 43.png
13-56-30 44.png
13-56-30 45.png
13-56-30 46.png
13-56-30 5.png
13-56-30 6.png
13-56-30 7.png
13-56-30 8.png
13-56-30 9.png
13-56-30 Now on b
13-56-30 0.png
13-56-30 1.png
13-56-30 10.png
13-56-31 11.png
13-56-31 12.png
13-56-31 13.png
13-56-31 14.png
13-56-31 15.png
13-56-31 16.png
13-56-31 17.png
13-56-31 18.png
13-56-31 19.png
13-56-31 2.png
13-56-31 20.png
13-56-31 21.png
13-56-31 22.png
13-56-31 23.png
13-56-31 24.png
13-56-32 25.png
13-56-32 26.png
13-56-32 27.png
13-56-32 28.png
13-56-32 29.png
13-56-32 3.png
13-56-32 30.png
13-56-32 31.png
13-56-32 32.png
13-56-32 33.png
13-56-33 34.png
13-56-33 35.png
13-56-33 36.png
13-56-33 37.png
13-56-33 38.png
13-56-33 39.png
13-56-33 4.png
13-56-33 40.png
13-56-33 41.png
13-56-33 42.png
13-56-33 43.png
13-56-33 44.png
13-56-33 45.png
13-56-33 46.png
13-56-33 5.png
13-56-33 6.png
13-56-33 7.png
13-56-33 8.png
13-56-33 9.png
13-56-33 Now on white
13-56-33 Now on a
13-56-33 0.png
13-56-34 1.png
13-56-34 10.png
13-56-34 11.png
13-56-34 12.png
13-56-34 13.png
13-56-34 14.png
13-56-34 15.png
13-56-34 16.png
13-56-34 17.png
13-56-34 18.png
13-56-34 19.png
13-56-35 2.png
13-56-35 20.png
13-56-35 21.png
13-56-35 22.png
13-56-35 23.png
13-56-35 24.png
13-56-35 25.png
13-56-35 26.png
13-56-35 27.png
13-56-35 28.png
13-56-35 29.png
13-56-35 3.png
13-56-35 30.png
13-56-35 31.png
13-56-36 32.png
13-56-36 33.png
13-56-36 34.png
13-56-36 35.png
13-56-36 36.png
13-56-36 37.png
13-56-36 38.png
13-56-36 39.png
13-56-36 4.png
13-56-36 40.png
13-56-36 41.png
13-56-36 42.png
13-56-36 43.png
13-56-36 44.png
13-56-36 45.png
13-56-36 46.png
13-56-36 5.png
13-56-37 6.png
13-56-37 7.png
13-56-37 8.png
13-56-37 9.png
13-56-37 Now on b
13-56-37 0.png
13-56-37 1.png
13-56-37 10.png
13-56-37 11.png
13-56-37 12.png
13-56-37 13.png
13-56-38 14.png
13-56-38 15.png
13-56-38 16.png
13-56-38 17.png
13-56-38 18.png
13-56-38 19.png
13-56-38 2.png
13-56-38 20.png
13-56-38 21.png
13-56-38 22.png
13-56-38 23.png
13-56-38 24.png
13-56-38 25.png
13-56-38 26.png
13-56-38 27.png
13-56-38 28.png
13-56-38 29.png
13-56-39 3.png
13-56-39 30.png
13-56-39 31.png
13-56-39 32.png
13-56-39 33.png
13-56-39 34.png
13-56-39 35.png
13-56-39 36.png
13-56-39 37.png
13-56-39 38.png
13-56-40 39.png
13-56-40 4.png
13-56-40 40.png
13-56-40 41.png
13-56-40 42.png
13-56-40 43.png
13-56-40 44.png
13-56-40 45.png
13-56-40 46.png
13-56-40 5.png
13-56-40 6.png
13-56-40 7.png
13-56-40 8.png
13-56-41 9.png
13-56-41 Now on blue
13-56-41 Now on a
13-56-41 0.png
13-56-41 1.png
13-56-41 10.png
13-56-41 11.png
13-56-41 12.png
13-56-41 13.png
13-56-41 14.png
13-56-41 15.png
13-56-41 16.png
13-56-41 17.png
13-56-41 18.png
13-56-41 19.png
13-56-41 2.png
13-56-41 20.png
13-56-41 21.png
13-56-42 22.png
13-56-42 23.png
13-56-42 24.png
13-56-42 25.png
13-56-42 26.png
13-56-42 27.png
13-56-42 28.png
13-56-42 29.png
13-56-42 3.png
13-56-42 30.png
13-56-43 31.png
13-56-43 32.png
13-56-43 33.png
13-56-43 34.png
13-56-43 35.png
13-56-43 36.png
13-56-43 37.png
13-56-43 38.png
13-56-43 39.png
13-56-43 4.png
13-56-43 40.png
13-56-43 41.png
13-56-43 42.png
13-56-43 43.png
13-56-43 44.png
13-56-43 45.png
13-56-43 46.png
13-56-43 5.png
13-56-43 6.png
13-56-43 7.png
13-56-44 8.png
13-56-44 9.png
13-56-44 Now on b
13-56-44 0.png
13-56-44 1.png
13-56-44 10.png
13-56-44 11.png
13-56-44 12.png
13-56-44 13.png
13-56-44 14.png
13-56-44 15.png
13-56-45 16.png
13-56-45 17.png
13-56-45 18.png
13-56-45 19.png
13-56-45 2.png
13-56-45 20.png
13-56-45 21.png
13-56-45 22.png
13-56-45 23.png
13-56-45 24.png
13-56-45 25.png
13-56-45 26.png
13-56-46 27.png
13-56-46 28.png
13-56-46 29.png
13-56-46 3.png
13-56-46 30.png
13-56-46 31.png
13-56-46 32.png
13-56-46 33.png
13-56-46 34.png
13-56-46 35.png
13-56-46 36.png
13-56-46 37.png
13-56-46 38.png
13-56-47 39.png
13-56-47 4.png
13-56-47 40.png
13-56-47 41.png
13-56-47 42.png
13-56-47 43.png
13-56-47 44.png
13-56-47 45.png
13-56-47 46.png
13-56-47 5.png
13-56-48 6.png
13-56-48 7.png
13-56-48 8.png
13-56-48 9.png
13-56-48 red.png
13-56-48 white.png
13-56-48 blue.png
13-56-48 No icon found, using default template
13-56-49 No new updates
13-05-39 No icon found, using default template
13-05-44 Selected args: ['.\\jase.py', '-v']
13-05-44 Now on red
13-05-44 Now on a
13-05-44 0.png
13-05-44 No icon found, using default template
13-05-45 No new updates
13-05-57 Error parsing config
13-06-20 Error parsing config
13-06-22 Selected args: ['.\\jase.py', '-v']
13-06-22 Now on red
13-06-22 Now on a
13-06-22 0.png
13-06-22 No icon found, using default template
13-06-23 No new updates
13-09-09 Selected args: ['.\\jase.py', '-v']
13-09-09 Now on red
13-09-09 Now on a
13-09-09 0.png
13-09-09 No icon found, using default template
13-09-10 No new updates
13-10-29 Selected args: ['.\\jase.py', '-v']
13-10-29 Now on red
13-10-29 Now on a
13-10-29 0.png
13-10-29 1.png
13-10-29 10.png
13-10-29 11.png
13-10-29 12.png
13-10-29 13.png
13-10-29 14.png
13-10-29 15.png
13-10-30 16.png
13-10-30 17.png
13-10-30 18.png
13-10-30 Error parsing config
13-10-51 Selected args: ['.\\jase.py', '-v']
13-10-51 Now on red
13-10-51 Now on a
13-10-51 0.png
13-10-51 No icon found, using default template
13-10-52 No new updates
13-11-12 Selected args: ['.\\jase.py', '-v']
13-11-12 Now on red
13-11-12 Now on a
13-11-12 0.png
13-11-12 1.png
13-11-12 10.png
13-11-12 11.png
13-11-12 12.png
13-11-12 13.png
13-11-13 14.png
13-11-13 15.png
13-11-13 16.png
13-11-13 17.png
13-11-13 18.png
13-11-13 19.png
13-11-13 2.png
13-11-13 20.png
13-11-13 21.png
13-11-13 22.png
13-11-13 23.png
13-11-13 24.png
13-11-13 25.png
13-11-14 26.png
13-11-14 27.png
13-11-14 28.png
13-11-14 29.png
13-11-14 3.png
13-11-14 30.png
13-11-14 31.png
13-11-14 32.png
13-11-14 33.png
13-11-14 34.png
13-11-14 35.png
13-11-14 36.png
13-11-14 37.png
13-11-14 38.png
13-11-14 39.png
13-11-14 4.png
13-11-14 40.png
13-11-15 41.png
13-11-15 42.png
13-11-15 43.png
13-11-15 44.png
13-11-15 45.png
13-11-15 46.png
13-11-15 5.png
13-11-15 6.png
13-11-15 7.png
13-11-15 8.png
13-11-16 9.png
13-11-16 Now on b
13-11-16 0.png
13-11-16 1.png
13-11-16 10.png
13-11-16 11.png
13-11-16 12.png
13-11-16 13.png
13-11-16 14.png
13-11-16 15.png
13-11-16 16.png
13-11-16 17.png
13-11-16 18.png
13-11-16 19.png
13-11-16 2.png
13-11-16 20.png
13-11-16 21.png
13-11-16 22.png
13-11-16 23.png
13-11-16 24.png
13-11-16 25.png
13-11-17 26.png
13-11-17 27.png
13-11-17 28.png
13-11-17 29.png
13-11-17 3.png
13-11-17 30.png
13-11-17 31.png
13-11-17 32.png
13-11-17 33.png
13-11-17 34.png
13-11-17 35.png
13-11-18 36.png
13-11-18 37.png
13-11-18 38.png
13-11-18 39.png
13-11-18 4.png
13-11-18 40.png
13-11-18 41.png
13-11-18 42.png
13-11-18 43.png
13-11-18 44.png
13-11-18 45.png
13-11-18 46.png
13-11-18 5.png
13-11-18 6.png
13-11-19 7.png
13-11-19 8.png
13-11-19 9.png
13-11-19 Now on white
13-11-19 Now on a
13-11-19 0.png
13-11-19 1.png
13-11-19 10.png
13-11-19 11.png
13-11-19 12.png
13-11-19 13.png
13-11-19 14.png
13-11-19 15.png
13-11-19 16.png
13-11-19 17.png
13-11-19 18.png
13-11-19 19.png
13-11-19 2.png
13-11-20 20.png
13-11-20 21.png
13-11-20 22.png
13-11-20 23.png
13-11-20 24.png
13-11-20 25.png
13-11-20 26.png
13-11-20 27.png
13-11-20 28.png
13-11-20 29.png
13-11-21 3.png
13-11-21 30.png
13-11-21 31.png
13-11-21 32.png
13-11-21 33.png
13-11-21 34.png
13-11-21 35.png
13-11-21 36.png
13-11-21 37.png
13-11-21 38.png
13-11-21 39.png
13-11-21 4.png
13-11-21 40.png
13-11-21 41.png
13-11-21 42.png
13-11-21 43.png
13-11-21 44.png
13-11-21 45.png
13-11-22 46.png
13-11-22 5.png
13-11-22 6.png
13-11-22 7.png
13-11-22 8.png
13-11-22 9.png
13-11-22 Now on b
13-11-22 0.png
13-11-22 1.png
13-11-22 10.png
13-11-22 11.png
13-11-23 12.png
13-11-23 13.png
13-11-23 14.png
13-11-23 15.png
13-11-23 16.png
13-11-23 17.png
13-11-23 18.png
13-11-23 19.png
13-11-23 2.png
13-11-23 20.png
13-11-23 21.png
13-11-23 22.png
13-11-23 23.png
13-11-23 24.png
13-11-24 25.png
13-11-24 26.png
13-11-24 27.png
13-11-24 28.png
13-11-24 29.png
13-11-24 3.png
13-11-24 30.png
13-11-24 31.png
13-11-24 32.png
13-11-24 33.png
13-11-24 34.png
13-11-24 35.png
13-11-24 36.png
13-11-24 37.png
13-11-24 38.png
13-11-24 39.png
13-11-25 4.png
13-11-25 40.png
13-11-25 41.png
13-11-25 42.png
13-11-25 43.png
13-11-25 44.png
13-11-25 45.png
13-11-25 46.png
13-11-25 5.png
13-11-26 6.png
13-11-26 7.png
13-11-26 8.png
13-11-26 9.png
13-11-26 Now on blue
13-11-26 Now on a
13-11-26 0.png
13-11-26 1.png
13-11-26 10.png
13-11-26 11.png
13-11-26 12.png
13-11-26 13.png
13-11-26 14.png
13-11-26 15.png
13-11-26 16.png
13-11-26 17.png
13-11-26 18.png
13-11-26 19.png
13-11-26 2.png
13-11-26 20.png
13-11-26 21.png
13-11-26 22.png
13-11-26 23.png
13-11-27 24.png
13-11-27 25.png
13-11-27 26.png
13-11-27 27.png
13-11-27 28.png
13-11-27 29.png
13-11-27 3.png
13-11-27 30.png
13-11-27 31.png
13-11-27 32.png
13-11-27 33.png
13-11-28 34.png
13-11-28 35.png
13-11-28 36.png
13-11-28 37.png
13-11-28 38.png
13-11-28 39.png
13-11-28 4.png
13-11-28 40.png
13-11-28 41.png
13-11-28 42.png
13-11-28 43.png
13-11-28 44.png
13-11-28 45.png
13-11-28 46.png
13-11-28 5.png
13-11-29 6.png
13-11-29 7.png
13-11-29 8.png
13-11-29 9.png
13-11-29 Now on b
13-11-29 0.png
13-11-29 1.png
13-11-29 10.png
13-11-29 11.png
13-11-29 12.png
13-11-29 13.png
13-11-29 14.png
13-11-29 15.png
13-11-29 16.png
13-11-29 17.png
13-11-29 18.png
13-11-29 19.png
13-11-29 2.png
13-11-30 20.png
13-11-30 21.png
13-11-30 22.png
13-11-30 23.png
13-11-30 24.png
13-11-30 25.png
13-11-30 26.png
13-11-30 27.png
13-11-30 28.png
13-11-30 29.png
13-11-31 3.png
13-11-31 30.png
13-11-31 31.png
13-11-31 32.png
13-11-31 33.png
13-11-31 34.png
13-11-31 35.png
13-11-31 36.png
13-11-31 37.png
13-11-31 38.png
13-11-31 39.png
13-11-31 4.png
13-11-31 40.png
13-11-31 41.png
13-11-31 42.png
13-11-31 43.png
13-11-31 44.png
13-11-31 45.png
13-11-31 46.png
13-11-32 5.png
13-11-32 6.png
13-11-32 7.png
13-11-32 8.png
13-11-32 9.png
13-11-32 red.png
13-11-32 white.png
13-11-32 blue.png
13-11-32 No icon found, using default template
13-11-33 No new updates
13-12-12 Selected args: ['.\\jase.py', '-v']
13-12-12 Now on red
13-12-12 Now on a
13-12-12 0.png
13-12-12 1.png
13-12-12 10.png
13-12-12 11.png
13-12-12 12.png
13-12-12 13.png
13-12-12 14.png
13-12-12 15.png
13-12-12 16.png
13-12-12 17.png
13-12-12 18.png
13-12-12 19.png
13-12-13 2.png
13-12-13 20.png
13-12-13 21.png
13-12-13 22.png
13-12-13 23.png
13-12-13 24.png
13-12-13 25.png
13-12-13 26.png
13-12-13 27.png
13-12-13 28.png
13-12-13 29.png
13-12-14 3.png
13-12-14 30.png
13-12-14 31.png
13-12-14 32.png
13-12-14 33.png
13-12-14 34.png
13-12-14 35.png
13-12-14 36.png
13-12-14 37.png
13-12-14 38.png
13-12-14 39.png
13-12-14 4.png
13-12-14 40.png
13-12-14 41.png
13-12-14 42.png
13-12-14 43.png
13-12-14 44.png
13-12-14 45.png
13-12-14 46.png
13-12-14 5.png
13-12-14 6.png
13-12-15 7.png
13-12-15 8.png
13-12-15 9.png
13-12-15 Now on b
13-12-15 0.png
13-12-15 1.png
13-12-15 10.png
13-12-15 11.png
13-12-15 12.png
13-12-15 13.png
13-12-15 14.png
13-12-16 15.png
13-12-16 16.png
13-12-16 17.png
13-12-16 18.png
13-12-16 19.png
13-12-16 2.png
13-12-16 20.png
13-12-16 21.png
13-12-16 22.png
13-12-16 23.png
13-12-16 24.png
13-12-16 25.png
13-12-16 26.png
13-12-16 27.png
13-12-16 28.png
13-12-17 29.png
13-12-17 3.png
13-12-17 30.png
13-12-17 31.png
13-12-17 32.png
13-12-17 33.png
13-12-17 34.png
13-12-17 35.png
13-12-17 36.png
13-12-17 37.png
13-12-17 38.png
13-12-17 39.png
13-12-17 4.png
13-12-17 40.png
13-12-17 41.png
13-12-18 42.png
13-12-18 43.png
13-12-18 44.png
13-12-18 45.png
13-12-18 46.png
13-12-18 5.png
13-12-18 6.png
13-12-18 7.png
13-12-18 8.png
13-12-18 9.png
13-12-18 Now on white
13-12-18 Now on a
13-12-18 0.png
13-12-19 1.png
13-12-19 10.png
13-12-19 11.png
13-12-19 12.png
13-12-19 13.png
13-12-19 14.png
13-12-19 15.png
13-12-19 16.png
13-12-19 17.png
13-12-19 18.png
13-12-19 19.png
13-12-19 2.png
13-12-19 20.png
13-12-19 21.png
13-12-19 22.png
13-12-19 23.png
13-12-19 24.png
13-12-19 25.png
13-12-19 26.png
13-12-20 27.png
13-12-20 28.png
13-12-20 29.png
13-12-20 3.png
13-12-20 30.png
13-12-20 31.png
13-12-20 32.png
13-12-20 33.png
13-12-20 34.png
13-12-20 35.png
13-12-21 36.png
13-12-21 37.png
13-12-21 38.png
13-12-21 39.png
13-12-21 4.png
13-12-21 40.png
13-12-21 41.png
13-12-21 42.png
13-12-21 43.png
13-12-21 44.png
13-12-21 45.png
13-12-21 46.png
13-12-21 5.png
13-12-21 6.png
13-12-21 7.png
13-12-22 8.png
13-12-22 9.png
13-12-22 Now on b
13-12-22 0.png
13-12-22 1.png
13-12-22 10.png
13-12-22 11.png
13-12-22 12.png
13-12-22 13.png
13-12-22 14.png
13-12-22 15.png
13-12-22 16.png
13-12-22 17.png
13-12-22 18.png
13-12-22 19.png
13-12-22 2.png
13-12-23 20.png
13-12-23 21.png
13-12-23 22.png
13-12-23 23.png
13-12-23 24.png
13-12-23 25.png
13-12-23 26.png
13-12-23 27.png
13-12-23 28.png
13-12-23 29.png
13-12-23 3.png
13-12-24 30.png
13-12-24 31.png
13-12-24 32.png
13-12-24 33.png
13-12-24 34.png
13-12-24 35.png
13-12-24 36.png
13-12-24 37.png
13-12-24 38.png
13-12-24 39.png
13-12-24 4.png
13-12-24 40.png
13-12-24 41.png
13-12-24 42.png
13-12-24 43.png
13-12-24 44.png
13-12-24 45.png
13-12-24 46.png
13-12-24 5.png
13-12-24 6.png
13-12-25 7.png
13-12-25 8.png
13-12-25 9.png
13-12-25 Now on blue
13-12-25 Now on a
13-12-25 0.png
13-12-25 1.png
13-12-25 10.png
13-12-25 11.png
13-12-25 12.png
13-12-25 13.png
13-12-25 14.png
13-12-25 15.png
13-12-26 16.png
13-12-26 17.png
13-12-26 18.png
13-12-26 19.png
13-12-26 2.png
13-12-26 20.png
13-12-26 21.png
13-12-26 22.png
13-12-26 23.png
13-12-26 24.png
13-12-26 25.png
13-12-26 26.png
13-12-26 27.png
13-12-26 28.png
13-12-26 29.png
13-12-27 3.png
13-12-27 30.png
13-12-27 31.png
13-12-27 32.png
13-12-27 33.png
13-12-27 34.png
13-12-27 35.png
13-12-27 36.png
13-12-27 37.png
13-12-27 38.png
13-12-27 39.png
13-12-27 4.png
13-12-27 40.png
13-12-27 41.png
13-12-27 42.png
13-12-28 43.png
13-12-28 44.png
13-12-28 45.png
13-12-28 46.png
13-12-28 5.png
13-12-28 6.png
13-12-28 7.png
13-12-28 8.png
13-12-28 9.png
13-12-28 Now on b
13-12-28 0.png
13-12-29 1.png
13-12-29 10.png
13-12-29 11.png
13-12-29 12.png
13-12-29 13.png
13-12-29 14.png
13-12-29 15.png
13-12-29 16.png
13-12-29 17.png
13-12-29 18.png
13-12-29 19.png
13-12-29 2.png
13-12-29 20.png
13-12-29 21.png
13-12-29 22.png
13-12-29 23.png
13-12-29 24.png
13-12-29 25.png
13-12-29 26.png
13-12-29 27.png
13-12-29 28.png
13-12-30 29.png
13-12-30 3.png
13-12-30 30.png
13-12-30 31.png
13-12-30 32.png
13-12-30 33.png
13-12-30 34.png
13-12-30 35.png
13-12-30 36.png
13-12-30 37.png
13-12-30 38.png
13-12-31 39.png
13-12-31 4.png
13-12-31 40.png
13-12-31 41.png
13-12-31 42.png
13-12-31 43.png
13-12-31 44.png
13-12-31 45.png
13-12-31 46.png
13-12-31 5.png
13-12-31 6.png
13-12-31 7.png
13-12-31 8.png
13-12-31 9.png
13-12-31 red.png
13-12-32 white.png
13-12-32 blue.png
13-12-32 No icon found, using default template
13-12-32 No new updates
13-12-48 Error parsing config
13-15-42 Error parsing config
13-16-49 Error parsing config
13-17-39 No icon found, using default template
13-22-47 Error parsing config
13-26-33 Selected args: ['.\\jase.py', '-v']
13-26-33 Now on red
13-26-33 Now on a
13-26-33 0.png
13-26-33 1.png
13-26-33 10.png
13-26-33 11.png
13-26-33 12.png
13-26-33 13.png
13-26-33 14.png
13-26-33 15.png
13-26-33 16.png
13-26-33 17.png
13-26-33 18.png
13-26-33 19.png
13-26-34 2.png
13-26-34 20.png
13-26-34 21.png
13-26-34 22.png
13-26-34 23.png
13-26-34 24.png
13-26-34 25.png
13-26-34 26.png
13-26-34 27.png
13-26-34 28.png
13-26-34 29.png
13-26-34 3.png
13-26-35 30.png
13-26-35 31.png
13-26-35 32.png
13-26-35 33.png
13-26-35 34.png
13-26-35 Error parsing config
13-26-52 Error parsing config
14-46-02 No icon found, using default template
14-49-08 No icon found, using default template
14-51-13 No icon found, using default template
14-52-32 No icon found, using default template
14-53-46 No icon found, using default template
14-01-38 No icon found, using default template
14-07-50 No icon found, using default template
14-13-30 No icon found, using default template
14-21-48 No icon found, using default template
14-44-09 No icon found, using default template
14-11-33 No icon found, using default template
14-34-50 No icon found, using default template
14-48-13 No icon found, using default template
